2022-11-15 20:51:49,725:INFO:PyCaret Supervised Module
2022-11-15 20:51:49,725:INFO:ML Usecase: classification
2022-11-15 20:51:49,725:INFO:version 2.3.10
2022-11-15 20:51:49,725:INFO:Initializing setup()
2022-11-15 20:51:49,725:INFO:setup(target=survived, ml_usecase=classification, available_plots={'parameter': 'Hyperparameters', 'auc': 'AUC', 'confusion_matrix': 'Confusion Matrix', 'threshold': 'Threshold', 'pr': 'Precision Recall', 'error': 'Prediction Error', 'class_report': 'Class Report', 'rfe': 'Feature Selection', 'learning': 'Learning Curve', 'manifold': 'Manifold Learning', 'calibration': 'Calibration Curve', 'vc': 'Validation Curve', 'dimension': 'Dimensions', 'feature': 'Feature Importance', 'feature_all': 'Feature Importance (All)', 'boundary': 'Decision Boundary', 'lift': 'Lift Chart', 'gain': 'Gain Chart', 'tree': 'Decision Tree', 'ks': 'KS Statistic Plot'}, train_size=0.7, test_data=None, preprocess=True, imputation_type=simple, iterative_imputation_iters=5, categorical_features=None, categorical_imputation=constant, categorical_iterative_imputer=lightgbm, ordinal_features=None, high_cardinality_features=None, high_cardinality_method=frequency, numeric_features=None, numeric_imputation=mean, numeric_iterative_imputer=lightgbm, date_features=None, ignore_features=None, normalize=False, normalize_method=zscore, transformation=False, transformation_method=yeo-johnson, handle_unknown_categorical=True, unknown_categorical_method=least_frequent, pca=False, pca_method=linear, pca_components=None, ignore_low_variance=False, combine_rare_levels=False, rare_level_threshold=0.1, bin_numeric_features=None, remove_outliers=False, outliers_threshold=0.05, remove_multicollinearity=False, multicollinearity_threshold=0.9, remove_perfect_collinearity=True, create_clusters=False, cluster_iter=20, polynomial_features=False, polynomial_degree=2, trigonometry_features=False, polynomial_threshold=0.1, group_features=None, group_names=None, feature_selection=False, feature_selection_threshold=0.8, feature_selection_method=classic, feature_interaction=False, feature_ratio=False, interaction_threshold=0.01, fix_imbalance=False, fix_imbalance_method=None, transform_target=False, transform_target_method=box-cox, data_split_shuffle=True, data_split_stratify=False, fold_strategy=stratifiedkfold, fold=10, fold_shuffle=False, fold_groups=None, n_jobs=-1, use_gpu=False, custom_pipeline=None, html=True, session_id=None, log_experiment=False, experiment_name=None, experiment_custom_tags=None, log_plots=False, log_profile=False, log_data=False, silent=False, verbose=True, profile=False, profile_kwargs=None, display=None)
2022-11-15 20:51:49,725:INFO:Checking environment
2022-11-15 20:51:49,725:INFO:python_version: 3.8.5
2022-11-15 20:51:49,725:INFO:python_build: ('default', 'Sep  4 2020 02:22:02')
2022-11-15 20:51:49,725:INFO:machine: x86_64
2022-11-15 20:51:49,725:INFO:platform: macOS-10.16-x86_64-i386-64bit
2022-11-15 20:51:49,726:INFO:Memory: svmem(total=8589934592, available=1831321600, percent=78.7, used=4324241408, free=14655488, active=1818677248, inactive=1753546752, wired=2505564160)
2022-11-15 20:51:49,726:INFO:Physical Core: 4
2022-11-15 20:51:49,726:INFO:Logical Core: 8
2022-11-15 20:51:49,726:INFO:Checking libraries
2022-11-15 20:51:49,726:INFO:pd==1.4.4
2022-11-15 20:51:49,726:INFO:numpy==1.19.5
2022-11-15 20:51:49,726:INFO:sklearn==0.23.2
2022-11-15 20:51:49,726:INFO:lightgbm==3.2.1
2022-11-15 20:51:49,726:WARNING:catboost not found
2022-11-15 20:51:49,726:WARNING:xgboost not found
2022-11-15 20:51:49,726:INFO:mlflow==1.26.1
2022-11-15 20:51:49,726:INFO:Checking Exceptions
2022-11-15 20:52:29,248:INFO:PyCaret Supervised Module
2022-11-15 20:52:29,249:INFO:ML Usecase: classification
2022-11-15 20:52:29,249:INFO:version 2.3.10
2022-11-15 20:52:29,249:INFO:Initializing setup()
2022-11-15 20:52:29,249:INFO:setup(target=survived, ml_usecase=classification, available_plots={'parameter': 'Hyperparameters', 'auc': 'AUC', 'confusion_matrix': 'Confusion Matrix', 'threshold': 'Threshold', 'pr': 'Precision Recall', 'error': 'Prediction Error', 'class_report': 'Class Report', 'rfe': 'Feature Selection', 'learning': 'Learning Curve', 'manifold': 'Manifold Learning', 'calibration': 'Calibration Curve', 'vc': 'Validation Curve', 'dimension': 'Dimensions', 'feature': 'Feature Importance', 'feature_all': 'Feature Importance (All)', 'boundary': 'Decision Boundary', 'lift': 'Lift Chart', 'gain': 'Gain Chart', 'tree': 'Decision Tree', 'ks': 'KS Statistic Plot'}, train_size=0.7, test_data=None, preprocess=True, imputation_type=simple, iterative_imputation_iters=5, categorical_features=None, categorical_imputation=constant, categorical_iterative_imputer=lightgbm, ordinal_features=None, high_cardinality_features=None, high_cardinality_method=frequency, numeric_features=None, numeric_imputation=mean, numeric_iterative_imputer=lightgbm, date_features=None, ignore_features=None, normalize=False, normalize_method=zscore, transformation=False, transformation_method=yeo-johnson, handle_unknown_categorical=True, unknown_categorical_method=least_frequent, pca=False, pca_method=linear, pca_components=None, ignore_low_variance=False, combine_rare_levels=False, rare_level_threshold=0.1, bin_numeric_features=None, remove_outliers=False, outliers_threshold=0.05, remove_multicollinearity=False, multicollinearity_threshold=0.9, remove_perfect_collinearity=True, create_clusters=False, cluster_iter=20, polynomial_features=False, polynomial_degree=2, trigonometry_features=False, polynomial_threshold=0.1, group_features=None, group_names=None, feature_selection=False, feature_selection_threshold=0.8, feature_selection_method=classic, feature_interaction=False, feature_ratio=False, interaction_threshold=0.01, fix_imbalance=False, fix_imbalance_method=None, transform_target=False, transform_target_method=box-cox, data_split_shuffle=True, data_split_stratify=False, fold_strategy=stratifiedkfold, fold=10, fold_shuffle=False, fold_groups=None, n_jobs=-1, use_gpu=False, custom_pipeline=None, html=True, session_id=None, log_experiment=False, experiment_name=None, experiment_custom_tags=None, log_plots=False, log_profile=False, log_data=False, silent=False, verbose=True, profile=False, profile_kwargs=None, display=None)
2022-11-15 20:52:29,249:INFO:Checking environment
2022-11-15 20:52:29,249:INFO:python_version: 3.8.5
2022-11-15 20:52:29,249:INFO:python_build: ('default', 'Sep  4 2020 02:22:02')
2022-11-15 20:52:29,249:INFO:machine: x86_64
2022-11-15 20:52:29,250:INFO:platform: macOS-10.16-x86_64-i386-64bit
2022-11-15 20:52:29,250:INFO:Memory: svmem(total=8589934592, available=1818050560, percent=78.8, used=4308135936, free=27250688, active=1794228224, inactive=1789841408, wired=2513907712)
2022-11-15 20:52:29,250:INFO:Physical Core: 4
2022-11-15 20:52:29,250:INFO:Logical Core: 8
2022-11-15 20:52:29,250:INFO:Checking libraries
2022-11-15 20:52:29,250:INFO:pd==1.4.4
2022-11-15 20:52:29,250:INFO:numpy==1.19.5
2022-11-15 20:52:29,250:INFO:sklearn==0.23.2
2022-11-15 20:52:29,250:INFO:lightgbm==3.2.1
2022-11-15 20:52:29,251:WARNING:catboost not found
2022-11-15 20:52:29,252:WARNING:xgboost not found
2022-11-15 20:52:29,252:INFO:mlflow==1.26.1
2022-11-15 20:52:29,252:INFO:Checking Exceptions
2022-11-15 20:52:29,252:INFO:Declaring global variables
2022-11-15 20:52:29,252:INFO:USI: 0a6a
2022-11-15 20:52:29,252:INFO:pycaret_globals: {'fold_groups_param_full', 'X_train', 'pycaret_globals', 'dashboard_logger', '_gpu_n_jobs_param', 'experiment__', 'target_param', 'fix_imbalance_method_param', '_all_models', '_all_models_internal', '_internal_pipeline', 'seed', '_available_plots', 'imputation_regressor', 'fold_shuffle_param', 'y', '_ml_usecase', 'display_container', 'n_jobs_param', 'logging_param', 'master_model_container', 'transform_target_param', 'y_test', 'X', 'fold_param', 'USI', 'stratify_param', 'exp_name_log', 'y_train', 'create_model_container', 'prep_pipe', 'log_plots_param', 'transform_target_method_param', 'html_param', 'fix_imbalance_param', 'data_before_preprocess', 'fold_groups_param', 'imputation_classifier', 'iterative_imputation_iters_param', 'X_test', '_all_metrics', 'fold_generator', 'gpu_param'}
2022-11-15 20:52:29,252:INFO:Preparing display monitor
2022-11-15 20:52:29,252:INFO:Preparing display monitor
2022-11-15 20:52:29,276:INFO:Importing libraries
2022-11-15 20:52:29,276:INFO:Copying data for preprocessing
2022-11-15 20:52:29,288:INFO:Declaring preprocessing parameters
2022-11-15 20:52:29,290:INFO:Creating preprocessing pipeline
2022-11-15 20:52:29,296:INFO:Preprocessing pipeline created successfully
2022-11-15 20:52:29,296:ERROR:(Process Exit): setup has been interupted with user command 'quit'. setup must rerun.
2022-11-15 20:52:29,296:INFO:Creating global containers
2022-11-15 20:52:29,298:INFO:Internal pipeline: Pipeline(memory=None, steps=[('empty_step', 'passthrough')], verbose=False)
2022-11-15 20:52:30,880:WARNING:Couldn't import xgboost.XGBClassifier
2022-11-15 20:52:30,881:WARNING:Couldn't import catboost.CatBoostClassifier
2022-11-15 20:52:30,952:WARNING:Couldn't import xgboost.XGBClassifier
2022-11-15 20:52:30,953:WARNING:Couldn't import catboost.CatBoostClassifier
2022-11-15 20:52:30,953:INFO:Creating grid variables
2022-11-15 20:52:30,969:INFO:create_model_container: 0
2022-11-15 20:52:30,970:INFO:master_model_container: 0
2022-11-15 20:52:30,970:INFO:display_container: 1
2022-11-15 20:52:30,974:INFO:Pipeline(memory=None,
         steps=[('dtypes',
                 DataTypes_Auto_infer(categorical_features=[],
                                      display_types=True, features_todrop=[],
                                      id_columns=[],
                                      ml_usecase='classification',
                                      numerical_features=[], target='survived',
                                      time_features=[])),
                ('imputer',
                 Simple_Imputer(categorical_strategy='not_available',
                                fill_value_categorical=None,
                                fill_value_numerical=None,
                                numeric_str...
                ('scaling', 'passthrough'), ('P_transform', 'passthrough'),
                ('binn', 'passthrough'), ('rem_outliers', 'passthrough'),
                ('cluster_all', 'passthrough'),
                ('dummy', Dummify(target='survived')),
                ('fix_perfect', Remove_100(target='survived')),
                ('clean_names', Clean_Colum_Names()),
                ('feature_select', 'passthrough'), ('fix_multi', 'passthrough'),
                ('dfs', 'passthrough'), ('pca', 'passthrough')],
         verbose=False)
2022-11-15 20:52:30,974:INFO:setup() succesfully completed......................................
2022-11-15 20:52:31,172:INFO:Initializing compare_models()
2022-11-15 20:52:31,172:INFO:compare_models(include=None, fold=None, round=4, cross_validation=True, sort=Accuracy, n_select=1, budget_time=None, turbo=True, errors=ignore, fit_kwargs=None, groups=None, experiment_custom_tags=None, probability_threshold=None, verbose=True, display=None, exclude=None)
2022-11-15 20:52:31,172:INFO:Checking exceptions
2022-11-15 20:52:31,173:INFO:Preparing display monitor
2022-11-15 20:52:31,173:INFO:Preparing display monitor
2022-11-15 20:52:31,207:INFO:Initializing Logistic Regression
2022-11-15 20:52:31,207:INFO:Total runtime is 2.7298927307128905e-06 minutes
2022-11-15 20:52:31,221:INFO:SubProcess create_model() called ==================================
2022-11-15 20:52:31,222:INFO:Initializing create_model()
2022-11-15 20:52:31,222:INFO:create_model(estimator=lr, fold=StratifiedKFold(n_splits=10, random_state=None, shuffle=False), round=4, cross_validation=True, predict=True, fit_kwargs={}, groups=None, refit=False, verbose=False, system=False, metrics=None, experiment_custom_tags=None, add_to_model_list=True, probability_threshold=None, display=<pycaret.internal.Display.Display object at 0x7f7eec779100>, return_train_score=False, kwargs={})
2022-11-15 20:52:31,222:INFO:Checking exceptions
2022-11-15 20:52:31,222:INFO:Importing libraries
2022-11-15 20:52:31,222:INFO:Copying training dataset
2022-11-15 20:52:31,225:INFO:Defining folds
2022-11-15 20:52:31,225:INFO:Declaring metric variables
2022-11-15 20:52:31,234:INFO:Importing untrained model
2022-11-15 20:52:31,246:INFO:Logistic Regression Imported succesfully
2022-11-15 20:52:31,279:INFO:Starting cross validation
2022-11-15 20:52:31,280:INFO:Cross validating with StratifiedKFold(n_splits=10, random_state=None, shuffle=False), n_jobs=-1
2022-11-15 20:52:38,426:INFO:Calculating mean and std
2022-11-15 20:52:38,431:INFO:Creating metrics dataframe
2022-11-15 20:52:38,441:INFO:Uploading results into container
2022-11-15 20:52:38,441:INFO:Uploading model into container now
2022-11-15 20:52:38,441:INFO:create_model_container: 1
2022-11-15 20:52:38,442:INFO:master_model_container: 1
2022-11-15 20:52:38,442:INFO:display_container: 2
2022-11-15 20:52:38,442:INFO:LogisticRegression(C=1.0, class_weight=None, dual=False, fit_intercept=True,
                   intercept_scaling=1, l1_ratio=None, max_iter=1000,
                   multi_class='auto', n_jobs=None, penalty='l2',
                   random_state=3959, solver='lbfgs', tol=0.0001, verbose=0,
                   warm_start=False)
2022-11-15 20:52:38,443:INFO:create_model() succesfully completed......................................
2022-11-15 20:52:38,667:INFO:SubProcess create_model() end ==================================
2022-11-15 20:52:38,667:INFO:Creating metrics dataframe
2022-11-15 20:52:38,679:INFO:Initializing K Neighbors Classifier
2022-11-15 20:52:38,679:INFO:Total runtime is 0.12453056176503499 minutes
2022-11-15 20:52:38,688:INFO:SubProcess create_model() called ==================================
2022-11-15 20:52:38,689:INFO:Initializing create_model()
2022-11-15 20:52:38,689:INFO:create_model(estimator=knn, fold=StratifiedKFold(n_splits=10, random_state=None, shuffle=False), round=4, cross_validation=True, predict=True, fit_kwargs={}, groups=None, refit=False, verbose=False, system=False, metrics=None, experiment_custom_tags=None, add_to_model_list=True, probability_threshold=None, display=<pycaret.internal.Display.Display object at 0x7f7eec779100>, return_train_score=False, kwargs={})
2022-11-15 20:52:38,689:INFO:Checking exceptions
2022-11-15 20:52:38,689:INFO:Importing libraries
2022-11-15 20:52:38,690:INFO:Copying training dataset
2022-11-15 20:52:38,691:INFO:Defining folds
2022-11-15 20:52:38,691:INFO:Declaring metric variables
2022-11-15 20:52:38,702:INFO:Importing untrained model
2022-11-15 20:52:38,712:INFO:K Neighbors Classifier Imported succesfully
2022-11-15 20:52:38,732:INFO:Starting cross validation
2022-11-15 20:52:38,732:INFO:Cross validating with StratifiedKFold(n_splits=10, random_state=None, shuffle=False), n_jobs=-1
2022-11-15 20:52:38,809:INFO:Calculating mean and std
2022-11-15 20:52:38,810:INFO:Creating metrics dataframe
2022-11-15 20:52:38,814:INFO:Uploading results into container
2022-11-15 20:52:38,814:INFO:Uploading model into container now
2022-11-15 20:52:38,814:INFO:create_model_container: 2
2022-11-15 20:52:38,814:INFO:master_model_container: 2
2022-11-15 20:52:38,815:INFO:display_container: 2
2022-11-15 20:52:38,815:INFO:KNeighborsClassifier(algorithm='auto', leaf_size=30, metric='minkowski',
                     metric_params=None, n_jobs=-1, n_neighbors=5, p=2,
                     weights='uniform')
2022-11-15 20:52:38,815:INFO:create_model() succesfully completed......................................
2022-11-15 20:52:38,989:INFO:SubProcess create_model() end ==================================
2022-11-15 20:52:38,989:INFO:Creating metrics dataframe
2022-11-15 20:52:39,003:INFO:Initializing Naive Bayes
2022-11-15 20:52:39,003:INFO:Total runtime is 0.12992961406707765 minutes
2022-11-15 20:52:39,013:INFO:SubProcess create_model() called ==================================
2022-11-15 20:52:39,014:INFO:Initializing create_model()
2022-11-15 20:52:39,014:INFO:create_model(estimator=nb, fold=StratifiedKFold(n_splits=10, random_state=None, shuffle=False), round=4, cross_validation=True, predict=True, fit_kwargs={}, groups=None, refit=False, verbose=False, system=False, metrics=None, experiment_custom_tags=None, add_to_model_list=True, probability_threshold=None, display=<pycaret.internal.Display.Display object at 0x7f7eec779100>, return_train_score=False, kwargs={})
2022-11-15 20:52:39,015:INFO:Checking exceptions
2022-11-15 20:52:39,015:INFO:Importing libraries
2022-11-15 20:52:39,015:INFO:Copying training dataset
2022-11-15 20:52:39,016:INFO:Defining folds
2022-11-15 20:52:39,016:INFO:Declaring metric variables
2022-11-15 20:52:39,027:INFO:Importing untrained model
2022-11-15 20:52:39,036:INFO:Naive Bayes Imported succesfully
2022-11-15 20:52:39,056:INFO:Starting cross validation
2022-11-15 20:52:39,056:INFO:Cross validating with StratifiedKFold(n_splits=10, random_state=None, shuffle=False), n_jobs=-1
2022-11-15 20:52:39,114:INFO:Calculating mean and std
2022-11-15 20:52:39,115:INFO:Creating metrics dataframe
2022-11-15 20:52:39,119:INFO:Uploading results into container
2022-11-15 20:52:39,120:INFO:Uploading model into container now
2022-11-15 20:52:39,120:INFO:create_model_container: 3
2022-11-15 20:52:39,120:INFO:master_model_container: 3
2022-11-15 20:52:39,120:INFO:display_container: 2
2022-11-15 20:52:39,120:INFO:GaussianNB(priors=None, var_smoothing=1e-09)
2022-11-15 20:52:39,120:INFO:create_model() succesfully completed......................................
2022-11-15 20:52:39,294:INFO:SubProcess create_model() end ==================================
2022-11-15 20:52:39,294:INFO:Creating metrics dataframe
2022-11-15 20:52:39,307:INFO:Initializing Decision Tree Classifier
2022-11-15 20:52:39,307:INFO:Total runtime is 0.13500439723332724 minutes
2022-11-15 20:52:39,316:INFO:SubProcess create_model() called ==================================
2022-11-15 20:52:39,317:INFO:Initializing create_model()
2022-11-15 20:52:39,317:INFO:create_model(estimator=dt, fold=StratifiedKFold(n_splits=10, random_state=None, shuffle=False), round=4, cross_validation=True, predict=True, fit_kwargs={}, groups=None, refit=False, verbose=False, system=False, metrics=None, experiment_custom_tags=None, add_to_model_list=True, probability_threshold=None, display=<pycaret.internal.Display.Display object at 0x7f7eec779100>, return_train_score=False, kwargs={})
2022-11-15 20:52:39,317:INFO:Checking exceptions
2022-11-15 20:52:39,317:INFO:Importing libraries
2022-11-15 20:52:39,317:INFO:Copying training dataset
2022-11-15 20:52:39,318:INFO:Defining folds
2022-11-15 20:52:39,318:INFO:Declaring metric variables
2022-11-15 20:52:39,329:INFO:Importing untrained model
2022-11-15 20:52:39,337:INFO:Decision Tree Classifier Imported succesfully
2022-11-15 20:52:39,354:INFO:Starting cross validation
2022-11-15 20:52:39,354:INFO:Cross validating with StratifiedKFold(n_splits=10, random_state=None, shuffle=False), n_jobs=-1
2022-11-15 20:52:39,406:INFO:Calculating mean and std
2022-11-15 20:52:39,407:INFO:Creating metrics dataframe
2022-11-15 20:52:39,412:INFO:Uploading results into container
2022-11-15 20:52:39,412:INFO:Uploading model into container now
2022-11-15 20:52:39,412:INFO:create_model_container: 4
2022-11-15 20:52:39,412:INFO:master_model_container: 4
2022-11-15 20:52:39,413:INFO:display_container: 2
2022-11-15 20:52:39,413:INFO:DecisionTreeClassifier(ccp_alpha=0.0, class_weight=None, criterion='gini',
                       max_depth=None, max_features=None, max_leaf_nodes=None,
                       min_impurity_decrease=0.0, min_impurity_split=None,
                       min_samples_leaf=1, min_samples_split=2,
                       min_weight_fraction_leaf=0.0, presort='deprecated',
                       random_state=3959, splitter='best')
2022-11-15 20:52:39,413:INFO:create_model() succesfully completed......................................
2022-11-15 20:52:39,592:INFO:SubProcess create_model() end ==================================
2022-11-15 20:52:39,592:INFO:Creating metrics dataframe
2022-11-15 20:52:39,607:INFO:Initializing SVM - Linear Kernel
2022-11-15 20:52:39,607:INFO:Total runtime is 0.14000146786371867 minutes
2022-11-15 20:52:39,618:INFO:SubProcess create_model() called ==================================
2022-11-15 20:52:39,618:INFO:Initializing create_model()
2022-11-15 20:52:39,618:INFO:create_model(estimator=svm, fold=StratifiedKFold(n_splits=10, random_state=None, shuffle=False), round=4, cross_validation=True, predict=True, fit_kwargs={}, groups=None, refit=False, verbose=False, system=False, metrics=None, experiment_custom_tags=None, add_to_model_list=True, probability_threshold=None, display=<pycaret.internal.Display.Display object at 0x7f7eec779100>, return_train_score=False, kwargs={})
2022-11-15 20:52:39,619:INFO:Checking exceptions
2022-11-15 20:52:39,619:INFO:Importing libraries
2022-11-15 20:52:39,619:INFO:Copying training dataset
2022-11-15 20:52:39,620:INFO:Defining folds
2022-11-15 20:52:39,620:INFO:Declaring metric variables
2022-11-15 20:52:39,629:INFO:Importing untrained model
2022-11-15 20:52:39,638:INFO:SVM - Linear Kernel Imported succesfully
2022-11-15 20:52:39,655:INFO:Starting cross validation
2022-11-15 20:52:39,656:INFO:Cross validating with StratifiedKFold(n_splits=10, random_state=None, shuffle=False), n_jobs=-1
2022-11-15 20:52:39,707:INFO:Calculating mean and std
2022-11-15 20:52:39,708:INFO:Creating metrics dataframe
2022-11-15 20:52:39,713:INFO:Uploading results into container
2022-11-15 20:52:39,713:INFO:Uploading model into container now
2022-11-15 20:52:39,714:INFO:create_model_container: 5
2022-11-15 20:52:39,714:INFO:master_model_container: 5
2022-11-15 20:52:39,714:INFO:display_container: 2
2022-11-15 20:52:39,714:INFO:SGDClassifier(alpha=0.0001, average=False, class_weight=None,
              early_stopping=False, epsilon=0.1, eta0=0.001, fit_intercept=True,
              l1_ratio=0.15, learning_rate='optimal', loss='hinge',
              max_iter=1000, n_iter_no_change=5, n_jobs=-1, penalty='l2',
              power_t=0.5, random_state=3959, shuffle=True, tol=0.001,
              validation_fraction=0.1, verbose=0, warm_start=False)
2022-11-15 20:52:39,714:INFO:create_model() succesfully completed......................................
2022-11-15 20:52:39,889:INFO:SubProcess create_model() end ==================================
2022-11-15 20:52:39,889:INFO:Creating metrics dataframe
2022-11-15 20:52:39,902:INFO:Initializing Ridge Classifier
2022-11-15 20:52:39,902:INFO:Total runtime is 0.14491869608561198 minutes
2022-11-15 20:52:39,911:INFO:SubProcess create_model() called ==================================
2022-11-15 20:52:39,911:INFO:Initializing create_model()
2022-11-15 20:52:39,911:INFO:create_model(estimator=ridge, fold=StratifiedKFold(n_splits=10, random_state=None, shuffle=False), round=4, cross_validation=True, predict=True, fit_kwargs={}, groups=None, refit=False, verbose=False, system=False, metrics=None, experiment_custom_tags=None, add_to_model_list=True, probability_threshold=None, display=<pycaret.internal.Display.Display object at 0x7f7eec779100>, return_train_score=False, kwargs={})
2022-11-15 20:52:39,911:INFO:Checking exceptions
2022-11-15 20:52:39,912:INFO:Importing libraries
2022-11-15 20:52:39,912:INFO:Copying training dataset
2022-11-15 20:52:39,912:INFO:Defining folds
2022-11-15 20:52:39,912:INFO:Declaring metric variables
2022-11-15 20:52:39,921:INFO:Importing untrained model
2022-11-15 20:52:39,928:INFO:Ridge Classifier Imported succesfully
2022-11-15 20:52:39,944:INFO:Starting cross validation
2022-11-15 20:52:39,945:INFO:Cross validating with StratifiedKFold(n_splits=10, random_state=None, shuffle=False), n_jobs=-1
2022-11-15 20:52:39,990:INFO:Calculating mean and std
2022-11-15 20:52:39,992:INFO:Creating metrics dataframe
2022-11-15 20:52:39,996:INFO:Uploading results into container
2022-11-15 20:52:39,996:INFO:Uploading model into container now
2022-11-15 20:52:39,996:INFO:create_model_container: 6
2022-11-15 20:52:39,996:INFO:master_model_container: 6
2022-11-15 20:52:39,996:INFO:display_container: 2
2022-11-15 20:52:39,996:INFO:RidgeClassifier(alpha=1.0, class_weight=None, copy_X=True, fit_intercept=True,
                max_iter=None, normalize=False, random_state=3959,
                solver='auto', tol=0.001)
2022-11-15 20:52:39,996:INFO:create_model() succesfully completed......................................
2022-11-15 20:52:40,172:INFO:SubProcess create_model() end ==================================
2022-11-15 20:52:40,172:INFO:Creating metrics dataframe
2022-11-15 20:52:40,187:INFO:Initializing Random Forest Classifier
2022-11-15 20:52:40,187:INFO:Total runtime is 0.14966906309127806 minutes
2022-11-15 20:52:40,196:INFO:SubProcess create_model() called ==================================
2022-11-15 20:52:40,196:INFO:Initializing create_model()
2022-11-15 20:52:40,196:INFO:create_model(estimator=rf, fold=StratifiedKFold(n_splits=10, random_state=None, shuffle=False), round=4, cross_validation=True, predict=True, fit_kwargs={}, groups=None, refit=False, verbose=False, system=False, metrics=None, experiment_custom_tags=None, add_to_model_list=True, probability_threshold=None, display=<pycaret.internal.Display.Display object at 0x7f7eec779100>, return_train_score=False, kwargs={})
2022-11-15 20:52:40,196:INFO:Checking exceptions
2022-11-15 20:52:40,197:INFO:Importing libraries
2022-11-15 20:52:40,197:INFO:Copying training dataset
2022-11-15 20:52:40,198:INFO:Defining folds
2022-11-15 20:52:40,198:INFO:Declaring metric variables
2022-11-15 20:52:40,206:INFO:Importing untrained model
2022-11-15 20:52:40,215:INFO:Random Forest Classifier Imported succesfully
2022-11-15 20:52:40,233:INFO:Starting cross validation
2022-11-15 20:52:40,234:INFO:Cross validating with StratifiedKFold(n_splits=10, random_state=None, shuffle=False), n_jobs=-1
2022-11-15 20:52:40,931:INFO:Calculating mean and std
2022-11-15 20:52:40,932:INFO:Creating metrics dataframe
2022-11-15 20:52:40,937:INFO:Uploading results into container
2022-11-15 20:52:40,937:INFO:Uploading model into container now
2022-11-15 20:52:40,937:INFO:create_model_container: 7
2022-11-15 20:52:40,937:INFO:master_model_container: 7
2022-11-15 20:52:40,937:INFO:display_container: 2
2022-11-15 20:52:40,938:INFO:RandomForestClassifier(bootstrap=True, ccp_alpha=0.0, class_weight=None,
                       criterion='gini', max_depth=None, max_features='auto',
                       max_leaf_nodes=None, max_samples=None,
                       min_impurity_decrease=0.0, min_impurity_split=None,
                       min_samples_leaf=1, min_samples_split=2,
                       min_weight_fraction_leaf=0.0, n_estimators=100,
                       n_jobs=-1, oob_score=False, random_state=3959, verbose=0,
                       warm_start=False)
2022-11-15 20:52:40,938:INFO:create_model() succesfully completed......................................
2022-11-15 20:52:41,121:INFO:SubProcess create_model() end ==================================
2022-11-15 20:52:41,121:INFO:Creating metrics dataframe
2022-11-15 20:52:41,137:INFO:Initializing Quadratic Discriminant Analysis
2022-11-15 20:52:41,137:INFO:Total runtime is 0.16550211111704508 minutes
2022-11-15 20:52:41,148:INFO:SubProcess create_model() called ==================================
2022-11-15 20:52:41,148:INFO:Initializing create_model()
2022-11-15 20:52:41,149:INFO:create_model(estimator=qda, fold=StratifiedKFold(n_splits=10, random_state=None, shuffle=False), round=4, cross_validation=True, predict=True, fit_kwargs={}, groups=None, refit=False, verbose=False, system=False, metrics=None, experiment_custom_tags=None, add_to_model_list=True, probability_threshold=None, display=<pycaret.internal.Display.Display object at 0x7f7eec779100>, return_train_score=False, kwargs={})
2022-11-15 20:52:41,149:INFO:Checking exceptions
2022-11-15 20:52:41,149:INFO:Importing libraries
2022-11-15 20:52:41,150:INFO:Copying training dataset
2022-11-15 20:52:41,151:INFO:Defining folds
2022-11-15 20:52:41,151:INFO:Declaring metric variables
2022-11-15 20:52:41,159:INFO:Importing untrained model
2022-11-15 20:52:41,171:INFO:Quadratic Discriminant Analysis Imported succesfully
2022-11-15 20:52:41,189:INFO:Starting cross validation
2022-11-15 20:52:41,190:INFO:Cross validating with StratifiedKFold(n_splits=10, random_state=None, shuffle=False), n_jobs=-1
2022-11-15 20:52:41,242:INFO:Calculating mean and std
2022-11-15 20:52:41,243:INFO:Creating metrics dataframe
2022-11-15 20:52:41,248:INFO:Uploading results into container
2022-11-15 20:52:41,248:INFO:Uploading model into container now
2022-11-15 20:52:41,248:INFO:create_model_container: 8
2022-11-15 20:52:41,248:INFO:master_model_container: 8
2022-11-15 20:52:41,248:INFO:display_container: 2
2022-11-15 20:52:41,248:INFO:QuadraticDiscriminantAnalysis(priors=None, reg_param=0.0,
                              store_covariance=False, tol=0.0001)
2022-11-15 20:52:41,249:INFO:create_model() succesfully completed......................................
2022-11-15 20:52:41,434:INFO:SubProcess create_model() end ==================================
2022-11-15 20:52:41,434:INFO:Creating metrics dataframe
2022-11-15 20:52:41,451:INFO:Initializing Ada Boost Classifier
2022-11-15 20:52:41,451:INFO:Total runtime is 0.17073749701182048 minutes
2022-11-15 20:52:41,460:INFO:SubProcess create_model() called ==================================
2022-11-15 20:52:41,461:INFO:Initializing create_model()
2022-11-15 20:52:41,461:INFO:create_model(estimator=ada, fold=StratifiedKFold(n_splits=10, random_state=None, shuffle=False), round=4, cross_validation=True, predict=True, fit_kwargs={}, groups=None, refit=False, verbose=False, system=False, metrics=None, experiment_custom_tags=None, add_to_model_list=True, probability_threshold=None, display=<pycaret.internal.Display.Display object at 0x7f7eec779100>, return_train_score=False, kwargs={})
2022-11-15 20:52:41,462:INFO:Checking exceptions
2022-11-15 20:52:41,462:INFO:Importing libraries
2022-11-15 20:52:41,463:INFO:Copying training dataset
2022-11-15 20:52:41,465:INFO:Defining folds
2022-11-15 20:52:41,465:INFO:Declaring metric variables
2022-11-15 20:52:41,474:INFO:Importing untrained model
2022-11-15 20:52:41,484:INFO:Ada Boost Classifier Imported succesfully
2022-11-15 20:52:41,499:INFO:Starting cross validation
2022-11-15 20:52:41,500:INFO:Cross validating with StratifiedKFold(n_splits=10, random_state=None, shuffle=False), n_jobs=-1
2022-11-15 20:52:41,787:INFO:Calculating mean and std
2022-11-15 20:52:41,788:INFO:Creating metrics dataframe
2022-11-15 20:52:41,792:INFO:Uploading results into container
2022-11-15 20:52:41,792:INFO:Uploading model into container now
2022-11-15 20:52:41,792:INFO:create_model_container: 9
2022-11-15 20:52:41,792:INFO:master_model_container: 9
2022-11-15 20:52:41,792:INFO:display_container: 2
2022-11-15 20:52:41,793:INFO:AdaBoostClassifier(algorithm='SAMME.R', base_estimator=None, learning_rate=1.0,
                   n_estimators=50, random_state=3959)
2022-11-15 20:52:41,793:INFO:create_model() succesfully completed......................................
2022-11-15 20:52:41,970:INFO:SubProcess create_model() end ==================================
2022-11-15 20:52:41,971:INFO:Creating metrics dataframe
2022-11-15 20:52:41,986:INFO:Initializing Gradient Boosting Classifier
2022-11-15 20:52:41,986:INFO:Total runtime is 0.17964327732721966 minutes
2022-11-15 20:52:41,994:INFO:SubProcess create_model() called ==================================
2022-11-15 20:52:41,995:INFO:Initializing create_model()
2022-11-15 20:52:41,995:INFO:create_model(estimator=gbc, fold=StratifiedKFold(n_splits=10, random_state=None, shuffle=False), round=4, cross_validation=True, predict=True, fit_kwargs={}, groups=None, refit=False, verbose=False, system=False, metrics=None, experiment_custom_tags=None, add_to_model_list=True, probability_threshold=None, display=<pycaret.internal.Display.Display object at 0x7f7eec779100>, return_train_score=False, kwargs={})
2022-11-15 20:52:41,995:INFO:Checking exceptions
2022-11-15 20:52:41,995:INFO:Importing libraries
2022-11-15 20:52:41,996:INFO:Copying training dataset
2022-11-15 20:52:41,997:INFO:Defining folds
2022-11-15 20:52:41,997:INFO:Declaring metric variables
2022-11-15 20:52:42,021:INFO:Importing untrained model
2022-11-15 20:52:42,031:INFO:Gradient Boosting Classifier Imported succesfully
2022-11-15 20:52:42,049:INFO:Starting cross validation
2022-11-15 20:52:42,050:INFO:Cross validating with StratifiedKFold(n_splits=10, random_state=None, shuffle=False), n_jobs=-1
2022-11-15 20:52:42,269:INFO:Calculating mean and std
2022-11-15 20:52:42,270:INFO:Creating metrics dataframe
2022-11-15 20:52:42,274:INFO:Uploading results into container
2022-11-15 20:52:42,274:INFO:Uploading model into container now
2022-11-15 20:52:42,274:INFO:create_model_container: 10
2022-11-15 20:52:42,274:INFO:master_model_container: 10
2022-11-15 20:52:42,274:INFO:display_container: 2
2022-11-15 20:52:42,274:INFO:GradientBoostingClassifier(ccp_alpha=0.0, criterion='friedman_mse', init=None,
                           learning_rate=0.1, loss='deviance', max_depth=3,
                           max_features=None, max_leaf_nodes=None,
                           min_impurity_decrease=0.0, min_impurity_split=None,
                           min_samples_leaf=1, min_samples_split=2,
                           min_weight_fraction_leaf=0.0, n_estimators=100,
                           n_iter_no_change=None, presort='deprecated',
                           random_state=3959, subsample=1.0, tol=0.0001,
                           validation_fraction=0.1, verbose=0,
                           warm_start=False)
2022-11-15 20:52:42,274:INFO:create_model() succesfully completed......................................
2022-11-15 20:52:42,454:INFO:SubProcess create_model() end ==================================
2022-11-15 20:52:42,454:INFO:Creating metrics dataframe
2022-11-15 20:52:42,472:INFO:Initializing Linear Discriminant Analysis
2022-11-15 20:52:42,472:INFO:Total runtime is 0.18775246143341065 minutes
2022-11-15 20:52:42,482:INFO:SubProcess create_model() called ==================================
2022-11-15 20:52:42,483:INFO:Initializing create_model()
2022-11-15 20:52:42,483:INFO:create_model(estimator=lda, fold=StratifiedKFold(n_splits=10, random_state=None, shuffle=False), round=4, cross_validation=True, predict=True, fit_kwargs={}, groups=None, refit=False, verbose=False, system=False, metrics=None, experiment_custom_tags=None, add_to_model_list=True, probability_threshold=None, display=<pycaret.internal.Display.Display object at 0x7f7eec779100>, return_train_score=False, kwargs={})
2022-11-15 20:52:42,483:INFO:Checking exceptions
2022-11-15 20:52:42,483:INFO:Importing libraries
2022-11-15 20:52:42,484:INFO:Copying training dataset
2022-11-15 20:52:42,485:INFO:Defining folds
2022-11-15 20:52:42,485:INFO:Declaring metric variables
2022-11-15 20:52:42,495:INFO:Importing untrained model
2022-11-15 20:52:42,506:INFO:Linear Discriminant Analysis Imported succesfully
2022-11-15 20:52:42,524:INFO:Starting cross validation
2022-11-15 20:52:42,524:INFO:Cross validating with StratifiedKFold(n_splits=10, random_state=None, shuffle=False), n_jobs=-1
2022-11-15 20:52:42,587:INFO:Calculating mean and std
2022-11-15 20:52:42,589:INFO:Creating metrics dataframe
2022-11-15 20:52:42,593:INFO:Uploading results into container
2022-11-15 20:52:42,593:INFO:Uploading model into container now
2022-11-15 20:52:42,593:INFO:create_model_container: 11
2022-11-15 20:52:42,593:INFO:master_model_container: 11
2022-11-15 20:52:42,594:INFO:display_container: 2
2022-11-15 20:52:42,594:INFO:LinearDiscriminantAnalysis(n_components=None, priors=None, shrinkage=None,
                           solver='svd', store_covariance=False, tol=0.0001)
2022-11-15 20:52:42,594:INFO:create_model() succesfully completed......................................
2022-11-15 20:52:42,774:INFO:SubProcess create_model() end ==================================
2022-11-15 20:52:42,774:INFO:Creating metrics dataframe
2022-11-15 20:52:42,791:INFO:Initializing Extra Trees Classifier
2022-11-15 20:52:42,792:INFO:Total runtime is 0.19307356278101603 minutes
2022-11-15 20:52:42,801:INFO:SubProcess create_model() called ==================================
2022-11-15 20:52:42,801:INFO:Initializing create_model()
2022-11-15 20:52:42,801:INFO:create_model(estimator=et, fold=StratifiedKFold(n_splits=10, random_state=None, shuffle=False), round=4, cross_validation=True, predict=True, fit_kwargs={}, groups=None, refit=False, verbose=False, system=False, metrics=None, experiment_custom_tags=None, add_to_model_list=True, probability_threshold=None, display=<pycaret.internal.Display.Display object at 0x7f7eec779100>, return_train_score=False, kwargs={})
2022-11-15 20:52:42,802:INFO:Checking exceptions
2022-11-15 20:52:42,802:INFO:Importing libraries
2022-11-15 20:52:42,802:INFO:Copying training dataset
2022-11-15 20:52:42,803:INFO:Defining folds
2022-11-15 20:52:42,803:INFO:Declaring metric variables
2022-11-15 20:52:42,812:INFO:Importing untrained model
2022-11-15 20:52:42,821:INFO:Extra Trees Classifier Imported succesfully
2022-11-15 20:52:42,838:INFO:Starting cross validation
2022-11-15 20:52:42,839:INFO:Cross validating with StratifiedKFold(n_splits=10, random_state=None, shuffle=False), n_jobs=-1
2022-11-15 20:52:43,505:INFO:Calculating mean and std
2022-11-15 20:52:43,506:INFO:Creating metrics dataframe
2022-11-15 20:52:43,510:INFO:Uploading results into container
2022-11-15 20:52:43,510:INFO:Uploading model into container now
2022-11-15 20:52:43,510:INFO:create_model_container: 12
2022-11-15 20:52:43,511:INFO:master_model_container: 12
2022-11-15 20:52:43,511:INFO:display_container: 2
2022-11-15 20:52:43,511:INFO:ExtraTreesClassifier(bootstrap=False, ccp_alpha=0.0, class_weight=None,
                     criterion='gini', max_depth=None, max_features='auto',
                     max_leaf_nodes=None, max_samples=None,
                     min_impurity_decrease=0.0, min_impurity_split=None,
                     min_samples_leaf=1, min_samples_split=2,
                     min_weight_fraction_leaf=0.0, n_estimators=100, n_jobs=-1,
                     oob_score=False, random_state=3959, verbose=0,
                     warm_start=False)
2022-11-15 20:52:43,511:INFO:create_model() succesfully completed......................................
2022-11-15 20:52:43,691:INFO:SubProcess create_model() end ==================================
2022-11-15 20:52:43,692:INFO:Creating metrics dataframe
2022-11-15 20:52:43,708:INFO:Initializing Light Gradient Boosting Machine
2022-11-15 20:52:43,708:INFO:Total runtime is 0.208341646194458 minutes
2022-11-15 20:52:43,716:INFO:SubProcess create_model() called ==================================
2022-11-15 20:52:43,717:INFO:Initializing create_model()
2022-11-15 20:52:43,717:INFO:create_model(estimator=lightgbm, fold=StratifiedKFold(n_splits=10, random_state=None, shuffle=False), round=4, cross_validation=True, predict=True, fit_kwargs={}, groups=None, refit=False, verbose=False, system=False, metrics=None, experiment_custom_tags=None, add_to_model_list=True, probability_threshold=None, display=<pycaret.internal.Display.Display object at 0x7f7eec779100>, return_train_score=False, kwargs={})
2022-11-15 20:52:43,718:INFO:Checking exceptions
2022-11-15 20:52:43,718:INFO:Importing libraries
2022-11-15 20:52:43,718:INFO:Copying training dataset
2022-11-15 20:52:43,719:INFO:Defining folds
2022-11-15 20:52:43,719:INFO:Declaring metric variables
2022-11-15 20:52:43,731:INFO:Importing untrained model
2022-11-15 20:52:43,740:INFO:Light Gradient Boosting Machine Imported succesfully
2022-11-15 20:52:43,761:INFO:Starting cross validation
2022-11-15 20:52:43,762:INFO:Cross validating with StratifiedKFold(n_splits=10, random_state=None, shuffle=False), n_jobs=-1
2022-11-15 20:52:44,980:INFO:Calculating mean and std
2022-11-15 20:52:44,981:INFO:Creating metrics dataframe
2022-11-15 20:52:44,986:INFO:Uploading results into container
2022-11-15 20:52:44,986:INFO:Uploading model into container now
2022-11-15 20:52:44,986:INFO:create_model_container: 13
2022-11-15 20:52:44,986:INFO:master_model_container: 13
2022-11-15 20:52:44,986:INFO:display_container: 2
2022-11-15 20:52:44,987:INFO:LGBMClassifier(boosting_type='gbdt', class_weight=None, colsample_bytree=1.0,
               importance_type='split', learning_rate=0.1, max_depth=-1,
               min_child_samples=20, min_child_weight=0.001, min_split_gain=0.0,
               n_estimators=100, n_jobs=-1, num_leaves=31, objective=None,
               random_state=3959, reg_alpha=0.0, reg_lambda=0.0, silent=True,
               subsample=1.0, subsample_for_bin=200000, subsample_freq=0)
2022-11-15 20:52:44,987:INFO:create_model() succesfully completed......................................
2022-11-15 20:52:45,176:INFO:SubProcess create_model() end ==================================
2022-11-15 20:52:45,176:INFO:Creating metrics dataframe
2022-11-15 20:52:45,193:INFO:Initializing Dummy Classifier
2022-11-15 20:52:45,193:INFO:Total runtime is 0.23310501178105672 minutes
2022-11-15 20:52:45,204:INFO:SubProcess create_model() called ==================================
2022-11-15 20:52:45,204:INFO:Initializing create_model()
2022-11-15 20:52:45,204:INFO:create_model(estimator=dummy, fold=StratifiedKFold(n_splits=10, random_state=None, shuffle=False), round=4, cross_validation=True, predict=True, fit_kwargs={}, groups=None, refit=False, verbose=False, system=False, metrics=None, experiment_custom_tags=None, add_to_model_list=True, probability_threshold=None, display=<pycaret.internal.Display.Display object at 0x7f7eec779100>, return_train_score=False, kwargs={})
2022-11-15 20:52:45,204:INFO:Checking exceptions
2022-11-15 20:52:45,205:INFO:Importing libraries
2022-11-15 20:52:45,205:INFO:Copying training dataset
2022-11-15 20:52:45,205:INFO:Defining folds
2022-11-15 20:52:45,206:INFO:Declaring metric variables
2022-11-15 20:52:45,214:INFO:Importing untrained model
2022-11-15 20:52:45,223:INFO:Dummy Classifier Imported succesfully
2022-11-15 20:52:45,240:INFO:Starting cross validation
2022-11-15 20:52:45,241:INFO:Cross validating with StratifiedKFold(n_splits=10, random_state=None, shuffle=False), n_jobs=-1
2022-11-15 20:52:45,287:INFO:Calculating mean and std
2022-11-15 20:52:45,288:INFO:Creating metrics dataframe
2022-11-15 20:52:45,293:INFO:Uploading results into container
2022-11-15 20:52:45,293:INFO:Uploading model into container now
2022-11-15 20:52:45,293:INFO:create_model_container: 14
2022-11-15 20:52:45,293:INFO:master_model_container: 14
2022-11-15 20:52:45,293:INFO:display_container: 2
2022-11-15 20:52:45,293:INFO:DummyClassifier(constant=None, random_state=3959, strategy='prior')
2022-11-15 20:52:45,293:INFO:create_model() succesfully completed......................................
2022-11-15 20:52:45,471:INFO:SubProcess create_model() end ==================================
2022-11-15 20:52:45,471:INFO:Creating metrics dataframe
2022-11-15 20:52:45,509:INFO:Initializing create_model()
2022-11-15 20:52:45,509:INFO:create_model(estimator=GradientBoostingClassifier(ccp_alpha=0.0, criterion='friedman_mse', init=None,
                           learning_rate=0.1, loss='deviance', max_depth=3,
                           max_features=None, max_leaf_nodes=None,
                           min_impurity_decrease=0.0, min_impurity_split=None,
                           min_samples_leaf=1, min_samples_split=2,
                           min_weight_fraction_leaf=0.0, n_estimators=100,
                           n_iter_no_change=None, presort='deprecated',
                           random_state=3959, subsample=1.0, tol=0.0001,
                           validation_fraction=0.1, verbose=0,
                           warm_start=False), fold=StratifiedKFold(n_splits=10, random_state=None, shuffle=False), round=4, cross_validation=False, predict=False, fit_kwargs={}, groups=None, refit=True, verbose=False, system=False, metrics=None, experiment_custom_tags=None, add_to_model_list=True, probability_threshold=None, display=None, return_train_score=False, kwargs={})
2022-11-15 20:52:45,509:INFO:Checking exceptions
2022-11-15 20:52:45,529:INFO:Importing libraries
2022-11-15 20:52:45,530:INFO:Copying training dataset
2022-11-15 20:52:45,530:INFO:Defining folds
2022-11-15 20:52:45,530:INFO:Declaring metric variables
2022-11-15 20:52:45,530:INFO:Importing untrained model
2022-11-15 20:52:45,530:INFO:Declaring custom model
2022-11-15 20:52:45,531:INFO:Gradient Boosting Classifier Imported succesfully
2022-11-15 20:52:45,531:INFO:Cross validation set to False
2022-11-15 20:52:45,531:INFO:Fitting Model
2022-11-15 20:52:45,598:INFO:GradientBoostingClassifier(ccp_alpha=0.0, criterion='friedman_mse', init=None,
                           learning_rate=0.1, loss='deviance', max_depth=3,
                           max_features=None, max_leaf_nodes=None,
                           min_impurity_decrease=0.0, min_impurity_split=None,
                           min_samples_leaf=1, min_samples_split=2,
                           min_weight_fraction_leaf=0.0, n_estimators=100,
                           n_iter_no_change=None, presort='deprecated',
                           random_state=3959, subsample=1.0, tol=0.0001,
                           validation_fraction=0.1, verbose=0,
                           warm_start=False)
2022-11-15 20:52:45,598:INFO:create_models() succesfully completed......................................
2022-11-15 20:52:45,813:INFO:create_model_container: 14
2022-11-15 20:52:45,813:INFO:master_model_container: 14
2022-11-15 20:52:45,813:INFO:display_container: 2
2022-11-15 20:52:45,813:INFO:GradientBoostingClassifier(ccp_alpha=0.0, criterion='friedman_mse', init=None,
                           learning_rate=0.1, loss='deviance', max_depth=3,
                           max_features=None, max_leaf_nodes=None,
                           min_impurity_decrease=0.0, min_impurity_split=None,
                           min_samples_leaf=1, min_samples_split=2,
                           min_weight_fraction_leaf=0.0, n_estimators=100,
                           n_iter_no_change=None, presort='deprecated',
                           random_state=3959, subsample=1.0, tol=0.0001,
                           validation_fraction=0.1, verbose=0,
                           warm_start=False)
2022-11-15 20:52:45,814:INFO:compare_models() succesfully completed......................................
2022-11-18 14:26:42,407:INFO:PyCaret Supervised Module
2022-11-18 14:26:42,407:INFO:ML Usecase: classification
2022-11-18 14:26:42,407:INFO:version 2.3.10
2022-11-18 14:26:42,407:INFO:Initializing setup()
2022-11-18 14:26:42,407:INFO:setup(target=survived, ml_usecase=classification, available_plots={'parameter': 'Hyperparameters', 'auc': 'AUC', 'confusion_matrix': 'Confusion Matrix', 'threshold': 'Threshold', 'pr': 'Precision Recall', 'error': 'Prediction Error', 'class_report': 'Class Report', 'rfe': 'Feature Selection', 'learning': 'Learning Curve', 'manifold': 'Manifold Learning', 'calibration': 'Calibration Curve', 'vc': 'Validation Curve', 'dimension': 'Dimensions', 'feature': 'Feature Importance', 'feature_all': 'Feature Importance (All)', 'boundary': 'Decision Boundary', 'lift': 'Lift Chart', 'gain': 'Gain Chart', 'tree': 'Decision Tree', 'ks': 'KS Statistic Plot'}, train_size=0.7, test_data=None, preprocess=True, imputation_type=simple, iterative_imputation_iters=5, categorical_features=None, categorical_imputation=constant, categorical_iterative_imputer=lightgbm, ordinal_features=None, high_cardinality_features=None, high_cardinality_method=frequency, numeric_features=None, numeric_imputation=mean, numeric_iterative_imputer=lightgbm, date_features=None, ignore_features=None, normalize=False, normalize_method=zscore, transformation=False, transformation_method=yeo-johnson, handle_unknown_categorical=True, unknown_categorical_method=least_frequent, pca=False, pca_method=linear, pca_components=None, ignore_low_variance=False, combine_rare_levels=False, rare_level_threshold=0.1, bin_numeric_features=None, remove_outliers=False, outliers_threshold=0.05, remove_multicollinearity=False, multicollinearity_threshold=0.9, remove_perfect_collinearity=True, create_clusters=False, cluster_iter=20, polynomial_features=False, polynomial_degree=2, trigonometry_features=False, polynomial_threshold=0.1, group_features=None, group_names=None, feature_selection=False, feature_selection_threshold=0.8, feature_selection_method=classic, feature_interaction=False, feature_ratio=False, interaction_threshold=0.01, fix_imbalance=False, fix_imbalance_method=None, transform_target=False, transform_target_method=box-cox, data_split_shuffle=True, data_split_stratify=False, fold_strategy=stratifiedkfold, fold=10, fold_shuffle=False, fold_groups=None, n_jobs=-1, use_gpu=False, custom_pipeline=None, html=True, session_id=None, log_experiment=False, experiment_name=None, experiment_custom_tags=None, log_plots=False, log_profile=False, log_data=False, silent=False, verbose=True, profile=False, profile_kwargs=None, display=None)
2022-11-18 14:26:42,407:INFO:Checking environment
2022-11-18 14:26:42,407:INFO:python_version: 3.8.5
2022-11-18 14:26:42,407:INFO:python_build: ('default', 'Sep  4 2020 02:22:02')
2022-11-18 14:26:42,407:INFO:machine: x86_64
2022-11-18 14:26:42,407:INFO:platform: macOS-10.16-x86_64-i386-64bit
2022-11-18 14:26:42,408:INFO:Memory: svmem(total=8589934592, available=2658574336, percent=69.1, used=4907085824, free=19521536, active=2640506880, inactive=2234134528, wired=2266578944)
2022-11-18 14:26:42,408:INFO:Physical Core: 4
2022-11-18 14:26:42,408:INFO:Logical Core: 8
2022-11-18 14:26:42,408:INFO:Checking libraries
2022-11-18 14:26:42,408:INFO:pd==1.4.4
2022-11-18 14:26:42,408:INFO:numpy==1.19.5
2022-11-18 14:26:42,408:INFO:sklearn==0.23.2
2022-11-18 14:26:42,408:INFO:lightgbm==3.2.1
2022-11-18 14:26:42,408:WARNING:catboost not found
2022-11-18 14:26:42,408:WARNING:xgboost not found
2022-11-18 14:26:42,408:INFO:mlflow==1.26.1
2022-11-18 14:26:42,408:INFO:Checking Exceptions
2022-11-18 14:26:42,409:INFO:Declaring global variables
2022-11-18 14:26:42,409:INFO:USI: df64
2022-11-18 14:26:42,409:INFO:pycaret_globals: {'data_before_preprocess', '_ml_usecase', '_available_plots', 'display_container', 'fix_imbalance_method_param', 'dashboard_logger', 'X_test', 'transform_target_method_param', 'imputation_classifier', 'fold_generator', 'html_param', '_all_models_internal', 'USI', 'pycaret_globals', 'fold_shuffle_param', 'y', '_internal_pipeline', 'target_param', 'seed', 'exp_name_log', 'transform_target_param', 'fold_groups_param', 'fold_param', '_gpu_n_jobs_param', 'X_train', 'X', 'gpu_param', 'imputation_regressor', 'log_plots_param', 'master_model_container', 'fold_groups_param_full', 'y_test', 'stratify_param', 'create_model_container', 'experiment__', '_all_metrics', 'fix_imbalance_param', 'iterative_imputation_iters_param', 'prep_pipe', '_all_models', 'y_train', 'n_jobs_param', 'logging_param'}
2022-11-18 14:26:42,409:INFO:Preparing display monitor
2022-11-18 14:26:42,409:INFO:Preparing display monitor
2022-11-18 14:26:42,429:INFO:Importing libraries
2022-11-18 14:26:42,429:INFO:Copying data for preprocessing
2022-11-18 14:26:42,439:INFO:Declaring preprocessing parameters
2022-11-18 14:26:42,441:INFO:Creating preprocessing pipeline
2022-11-18 14:26:42,444:INFO:Preprocessing pipeline created successfully
2022-11-18 14:26:42,444:ERROR:(Process Exit): setup has been interupted with user command 'quit'. setup must rerun.
2022-11-18 14:26:42,444:INFO:Creating global containers
2022-11-18 14:26:42,446:INFO:Internal pipeline: Pipeline(memory=None, steps=[('empty_step', 'passthrough')], verbose=False)
2022-11-18 14:26:43,968:WARNING:Couldn't import xgboost.XGBClassifier
2022-11-18 14:26:43,968:WARNING:Couldn't import catboost.CatBoostClassifier
2022-11-18 14:26:44,041:WARNING:Couldn't import xgboost.XGBClassifier
2022-11-18 14:26:44,041:WARNING:Couldn't import catboost.CatBoostClassifier
2022-11-18 14:26:44,042:INFO:Creating grid variables
2022-11-18 14:26:44,053:INFO:create_model_container: 0
2022-11-18 14:26:44,053:INFO:master_model_container: 0
2022-11-18 14:26:44,053:INFO:display_container: 1
2022-11-18 14:26:44,057:INFO:Pipeline(memory=None,
         steps=[('dtypes',
                 DataTypes_Auto_infer(categorical_features=[],
                                      display_types=True, features_todrop=[],
                                      id_columns=[],
                                      ml_usecase='classification',
                                      numerical_features=[], target='survived',
                                      time_features=[])),
                ('imputer',
                 Simple_Imputer(categorical_strategy='not_available',
                                fill_value_categorical=None,
                                fill_value_numerical=None,
                                numeric_str...
                ('scaling', 'passthrough'), ('P_transform', 'passthrough'),
                ('binn', 'passthrough'), ('rem_outliers', 'passthrough'),
                ('cluster_all', 'passthrough'),
                ('dummy', Dummify(target='survived')),
                ('fix_perfect', Remove_100(target='survived')),
                ('clean_names', Clean_Colum_Names()),
                ('feature_select', 'passthrough'), ('fix_multi', 'passthrough'),
                ('dfs', 'passthrough'), ('pca', 'passthrough')],
         verbose=False)
2022-11-18 14:26:44,058:INFO:setup() succesfully completed......................................
2022-11-18 14:26:44,166:INFO:Initializing compare_models()
2022-11-18 14:26:44,166:INFO:compare_models(include=None, fold=None, round=4, cross_validation=True, sort=Accuracy, n_select=1, budget_time=None, turbo=True, errors=ignore, fit_kwargs=None, groups=None, experiment_custom_tags=None, probability_threshold=None, verbose=True, display=None, exclude=None)
2022-11-18 14:26:44,166:INFO:Checking exceptions
2022-11-18 14:26:44,167:INFO:Preparing display monitor
2022-11-18 14:26:44,167:INFO:Preparing display monitor
2022-11-18 14:26:44,198:INFO:Initializing Logistic Regression
2022-11-18 14:26:44,198:INFO:Total runtime is 6.818771362304688e-06 minutes
2022-11-18 14:26:44,210:INFO:SubProcess create_model() called ==================================
2022-11-18 14:26:44,210:INFO:Initializing create_model()
2022-11-18 14:26:44,210:INFO:create_model(estimator=lr, fold=StratifiedKFold(n_splits=10, random_state=None, shuffle=False), round=4, cross_validation=True, predict=True, fit_kwargs={}, groups=None, refit=False, verbose=False, system=False, metrics=None, experiment_custom_tags=None, add_to_model_list=True, probability_threshold=None, display=<pycaret.internal.Display.Display object at 0x7fb4b886fa90>, return_train_score=False, kwargs={})
2022-11-18 14:26:44,211:INFO:Checking exceptions
2022-11-18 14:26:44,211:INFO:Importing libraries
2022-11-18 14:26:44,211:INFO:Copying training dataset
2022-11-18 14:26:44,212:INFO:Defining folds
2022-11-18 14:26:44,212:INFO:Declaring metric variables
2022-11-18 14:26:44,220:INFO:Importing untrained model
2022-11-18 14:26:44,230:INFO:Logistic Regression Imported succesfully
2022-11-18 14:26:44,250:INFO:Starting cross validation
2022-11-18 14:26:44,250:INFO:Cross validating with StratifiedKFold(n_splits=10, random_state=None, shuffle=False), n_jobs=-1
2022-11-18 14:26:50,890:INFO:Calculating mean and std
2022-11-18 14:26:50,895:INFO:Creating metrics dataframe
2022-11-18 14:26:50,908:INFO:Uploading results into container
2022-11-18 14:26:50,908:INFO:Uploading model into container now
2022-11-18 14:26:50,908:INFO:create_model_container: 1
2022-11-18 14:26:50,908:INFO:master_model_container: 1
2022-11-18 14:26:50,908:INFO:display_container: 2
2022-11-18 14:26:50,909:INFO:LogisticRegression(C=1.0, class_weight=None, dual=False, fit_intercept=True,
                   intercept_scaling=1, l1_ratio=None, max_iter=1000,
                   multi_class='auto', n_jobs=None, penalty='l2',
                   random_state=3353, solver='lbfgs', tol=0.0001, verbose=0,
                   warm_start=False)
2022-11-18 14:26:50,910:INFO:create_model() succesfully completed......................................
2022-11-18 14:26:51,047:INFO:SubProcess create_model() end ==================================
2022-11-18 14:26:51,047:INFO:Creating metrics dataframe
2022-11-18 14:26:51,061:INFO:Initializing K Neighbors Classifier
2022-11-18 14:26:51,061:INFO:Total runtime is 0.11438580354054768 minutes
2022-11-18 14:26:51,071:INFO:SubProcess create_model() called ==================================
2022-11-18 14:26:51,072:INFO:Initializing create_model()
2022-11-18 14:26:51,072:INFO:create_model(estimator=knn, fold=StratifiedKFold(n_splits=10, random_state=None, shuffle=False), round=4, cross_validation=True, predict=True, fit_kwargs={}, groups=None, refit=False, verbose=False, system=False, metrics=None, experiment_custom_tags=None, add_to_model_list=True, probability_threshold=None, display=<pycaret.internal.Display.Display object at 0x7fb4b886fa90>, return_train_score=False, kwargs={})
2022-11-18 14:26:51,072:INFO:Checking exceptions
2022-11-18 14:26:51,072:INFO:Importing libraries
2022-11-18 14:26:51,073:INFO:Copying training dataset
2022-11-18 14:26:51,074:INFO:Defining folds
2022-11-18 14:26:51,074:INFO:Declaring metric variables
2022-11-18 14:26:51,084:INFO:Importing untrained model
2022-11-18 14:26:51,094:INFO:K Neighbors Classifier Imported succesfully
2022-11-18 14:26:51,114:INFO:Starting cross validation
2022-11-18 14:26:51,115:INFO:Cross validating with StratifiedKFold(n_splits=10, random_state=None, shuffle=False), n_jobs=-1
2022-11-18 14:26:51,205:INFO:Calculating mean and std
2022-11-18 14:26:51,206:INFO:Creating metrics dataframe
2022-11-18 14:26:51,211:INFO:Uploading results into container
2022-11-18 14:26:51,212:INFO:Uploading model into container now
2022-11-18 14:26:51,212:INFO:create_model_container: 2
2022-11-18 14:26:51,212:INFO:master_model_container: 2
2022-11-18 14:26:51,212:INFO:display_container: 2
2022-11-18 14:26:51,212:INFO:KNeighborsClassifier(algorithm='auto', leaf_size=30, metric='minkowski',
                     metric_params=None, n_jobs=-1, n_neighbors=5, p=2,
                     weights='uniform')
2022-11-18 14:26:51,212:INFO:create_model() succesfully completed......................................
2022-11-18 14:26:51,302:INFO:SubProcess create_model() end ==================================
2022-11-18 14:26:51,302:INFO:Creating metrics dataframe
2022-11-18 14:26:51,315:INFO:Initializing Naive Bayes
2022-11-18 14:26:51,315:INFO:Total runtime is 0.11862175464630126 minutes
2022-11-18 14:26:51,325:INFO:SubProcess create_model() called ==================================
2022-11-18 14:26:51,325:INFO:Initializing create_model()
2022-11-18 14:26:51,325:INFO:create_model(estimator=nb, fold=StratifiedKFold(n_splits=10, random_state=None, shuffle=False), round=4, cross_validation=True, predict=True, fit_kwargs={}, groups=None, refit=False, verbose=False, system=False, metrics=None, experiment_custom_tags=None, add_to_model_list=True, probability_threshold=None, display=<pycaret.internal.Display.Display object at 0x7fb4b886fa90>, return_train_score=False, kwargs={})
2022-11-18 14:26:51,325:INFO:Checking exceptions
2022-11-18 14:26:51,325:INFO:Importing libraries
2022-11-18 14:26:51,326:INFO:Copying training dataset
2022-11-18 14:26:51,326:INFO:Defining folds
2022-11-18 14:26:51,327:INFO:Declaring metric variables
2022-11-18 14:26:51,336:INFO:Importing untrained model
2022-11-18 14:26:51,346:INFO:Naive Bayes Imported succesfully
2022-11-18 14:26:51,365:INFO:Starting cross validation
2022-11-18 14:26:51,366:INFO:Cross validating with StratifiedKFold(n_splits=10, random_state=None, shuffle=False), n_jobs=-1
2022-11-18 14:26:51,414:INFO:Calculating mean and std
2022-11-18 14:26:51,415:INFO:Creating metrics dataframe
2022-11-18 14:26:51,419:INFO:Uploading results into container
2022-11-18 14:26:51,420:INFO:Uploading model into container now
2022-11-18 14:26:51,420:INFO:create_model_container: 3
2022-11-18 14:26:51,420:INFO:master_model_container: 3
2022-11-18 14:26:51,420:INFO:display_container: 2
2022-11-18 14:26:51,420:INFO:GaussianNB(priors=None, var_smoothing=1e-09)
2022-11-18 14:26:51,420:INFO:create_model() succesfully completed......................................
2022-11-18 14:26:51,510:INFO:SubProcess create_model() end ==================================
2022-11-18 14:26:51,511:INFO:Creating metrics dataframe
2022-11-18 14:26:51,525:INFO:Initializing Decision Tree Classifier
2022-11-18 14:26:51,525:INFO:Total runtime is 0.12211790084838867 minutes
2022-11-18 14:26:51,534:INFO:SubProcess create_model() called ==================================
2022-11-18 14:26:51,535:INFO:Initializing create_model()
2022-11-18 14:26:51,535:INFO:create_model(estimator=dt, fold=StratifiedKFold(n_splits=10, random_state=None, shuffle=False), round=4, cross_validation=True, predict=True, fit_kwargs={}, groups=None, refit=False, verbose=False, system=False, metrics=None, experiment_custom_tags=None, add_to_model_list=True, probability_threshold=None, display=<pycaret.internal.Display.Display object at 0x7fb4b886fa90>, return_train_score=False, kwargs={})
2022-11-18 14:26:51,535:INFO:Checking exceptions
2022-11-18 14:26:51,535:INFO:Importing libraries
2022-11-18 14:26:51,535:INFO:Copying training dataset
2022-11-18 14:26:51,537:INFO:Defining folds
2022-11-18 14:26:51,537:INFO:Declaring metric variables
2022-11-18 14:26:51,547:INFO:Importing untrained model
2022-11-18 14:26:51,556:INFO:Decision Tree Classifier Imported succesfully
2022-11-18 14:26:51,575:INFO:Starting cross validation
2022-11-18 14:26:51,576:INFO:Cross validating with StratifiedKFold(n_splits=10, random_state=None, shuffle=False), n_jobs=-1
2022-11-18 14:26:51,627:INFO:Calculating mean and std
2022-11-18 14:26:51,629:INFO:Creating metrics dataframe
2022-11-18 14:26:51,634:INFO:Uploading results into container
2022-11-18 14:26:51,634:INFO:Uploading model into container now
2022-11-18 14:26:51,634:INFO:create_model_container: 4
2022-11-18 14:26:51,634:INFO:master_model_container: 4
2022-11-18 14:26:51,635:INFO:display_container: 2
2022-11-18 14:26:51,635:INFO:DecisionTreeClassifier(ccp_alpha=0.0, class_weight=None, criterion='gini',
                       max_depth=None, max_features=None, max_leaf_nodes=None,
                       min_impurity_decrease=0.0, min_impurity_split=None,
                       min_samples_leaf=1, min_samples_split=2,
                       min_weight_fraction_leaf=0.0, presort='deprecated',
                       random_state=3353, splitter='best')
2022-11-18 14:26:51,635:INFO:create_model() succesfully completed......................................
2022-11-18 14:26:51,726:INFO:SubProcess create_model() end ==================================
2022-11-18 14:26:51,726:INFO:Creating metrics dataframe
2022-11-18 14:26:51,739:INFO:Initializing SVM - Linear Kernel
2022-11-18 14:26:51,739:INFO:Total runtime is 0.1256844361623128 minutes
2022-11-18 14:26:51,748:INFO:SubProcess create_model() called ==================================
2022-11-18 14:26:51,748:INFO:Initializing create_model()
2022-11-18 14:26:51,748:INFO:create_model(estimator=svm, fold=StratifiedKFold(n_splits=10, random_state=None, shuffle=False), round=4, cross_validation=True, predict=True, fit_kwargs={}, groups=None, refit=False, verbose=False, system=False, metrics=None, experiment_custom_tags=None, add_to_model_list=True, probability_threshold=None, display=<pycaret.internal.Display.Display object at 0x7fb4b886fa90>, return_train_score=False, kwargs={})
2022-11-18 14:26:51,749:INFO:Checking exceptions
2022-11-18 14:26:51,749:INFO:Importing libraries
2022-11-18 14:26:51,749:INFO:Copying training dataset
2022-11-18 14:26:51,750:INFO:Defining folds
2022-11-18 14:26:51,750:INFO:Declaring metric variables
2022-11-18 14:26:51,758:INFO:Importing untrained model
2022-11-18 14:26:51,769:INFO:SVM - Linear Kernel Imported succesfully
2022-11-18 14:26:51,787:INFO:Starting cross validation
2022-11-18 14:26:51,788:INFO:Cross validating with StratifiedKFold(n_splits=10, random_state=None, shuffle=False), n_jobs=-1
2022-11-18 14:26:51,837:INFO:Calculating mean and std
2022-11-18 14:26:51,838:INFO:Creating metrics dataframe
2022-11-18 14:26:51,843:INFO:Uploading results into container
2022-11-18 14:26:51,843:INFO:Uploading model into container now
2022-11-18 14:26:51,843:INFO:create_model_container: 5
2022-11-18 14:26:51,843:INFO:master_model_container: 5
2022-11-18 14:26:51,843:INFO:display_container: 2
2022-11-18 14:26:51,844:INFO:SGDClassifier(alpha=0.0001, average=False, class_weight=None,
              early_stopping=False, epsilon=0.1, eta0=0.001, fit_intercept=True,
              l1_ratio=0.15, learning_rate='optimal', loss='hinge',
              max_iter=1000, n_iter_no_change=5, n_jobs=-1, penalty='l2',
              power_t=0.5, random_state=3353, shuffle=True, tol=0.001,
              validation_fraction=0.1, verbose=0, warm_start=False)
2022-11-18 14:26:51,844:INFO:create_model() succesfully completed......................................
2022-11-18 14:26:51,932:INFO:SubProcess create_model() end ==================================
2022-11-18 14:26:51,933:INFO:Creating metrics dataframe
2022-11-18 14:26:51,946:INFO:Initializing Ridge Classifier
2022-11-18 14:26:51,947:INFO:Total runtime is 0.12914463678995766 minutes
2022-11-18 14:26:51,955:INFO:SubProcess create_model() called ==================================
2022-11-18 14:26:51,956:INFO:Initializing create_model()
2022-11-18 14:26:51,956:INFO:create_model(estimator=ridge, fold=StratifiedKFold(n_splits=10, random_state=None, shuffle=False), round=4, cross_validation=True, predict=True, fit_kwargs={}, groups=None, refit=False, verbose=False, system=False, metrics=None, experiment_custom_tags=None, add_to_model_list=True, probability_threshold=None, display=<pycaret.internal.Display.Display object at 0x7fb4b886fa90>, return_train_score=False, kwargs={})
2022-11-18 14:26:51,956:INFO:Checking exceptions
2022-11-18 14:26:51,956:INFO:Importing libraries
2022-11-18 14:26:51,956:INFO:Copying training dataset
2022-11-18 14:26:51,957:INFO:Defining folds
2022-11-18 14:26:51,957:INFO:Declaring metric variables
2022-11-18 14:26:51,967:INFO:Importing untrained model
2022-11-18 14:26:51,975:INFO:Ridge Classifier Imported succesfully
2022-11-18 14:26:51,993:INFO:Starting cross validation
2022-11-18 14:26:51,994:INFO:Cross validating with StratifiedKFold(n_splits=10, random_state=None, shuffle=False), n_jobs=-1
2022-11-18 14:26:52,045:INFO:Calculating mean and std
2022-11-18 14:26:52,046:INFO:Creating metrics dataframe
2022-11-18 14:26:52,050:INFO:Uploading results into container
2022-11-18 14:26:52,050:INFO:Uploading model into container now
2022-11-18 14:26:52,050:INFO:create_model_container: 6
2022-11-18 14:26:52,050:INFO:master_model_container: 6
2022-11-18 14:26:52,050:INFO:display_container: 2
2022-11-18 14:26:52,051:INFO:RidgeClassifier(alpha=1.0, class_weight=None, copy_X=True, fit_intercept=True,
                max_iter=None, normalize=False, random_state=3353,
                solver='auto', tol=0.001)
2022-11-18 14:26:52,051:INFO:create_model() succesfully completed......................................
2022-11-18 14:26:52,145:INFO:SubProcess create_model() end ==================================
2022-11-18 14:26:52,146:INFO:Creating metrics dataframe
2022-11-18 14:26:52,159:INFO:Initializing Random Forest Classifier
2022-11-18 14:26:52,159:INFO:Total runtime is 0.13268603483835853 minutes
2022-11-18 14:26:52,168:INFO:SubProcess create_model() called ==================================
2022-11-18 14:26:52,168:INFO:Initializing create_model()
2022-11-18 14:26:52,169:INFO:create_model(estimator=rf, fold=StratifiedKFold(n_splits=10, random_state=None, shuffle=False), round=4, cross_validation=True, predict=True, fit_kwargs={}, groups=None, refit=False, verbose=False, system=False, metrics=None, experiment_custom_tags=None, add_to_model_list=True, probability_threshold=None, display=<pycaret.internal.Display.Display object at 0x7fb4b886fa90>, return_train_score=False, kwargs={})
2022-11-18 14:26:52,169:INFO:Checking exceptions
2022-11-18 14:26:52,169:INFO:Importing libraries
2022-11-18 14:26:52,169:INFO:Copying training dataset
2022-11-18 14:26:52,170:INFO:Defining folds
2022-11-18 14:26:52,170:INFO:Declaring metric variables
2022-11-18 14:26:52,178:INFO:Importing untrained model
2022-11-18 14:26:52,188:INFO:Random Forest Classifier Imported succesfully
2022-11-18 14:26:52,203:INFO:Starting cross validation
2022-11-18 14:26:52,204:INFO:Cross validating with StratifiedKFold(n_splits=10, random_state=None, shuffle=False), n_jobs=-1
2022-11-18 14:26:52,990:INFO:Calculating mean and std
2022-11-18 14:26:52,991:INFO:Creating metrics dataframe
2022-11-18 14:26:52,995:INFO:Uploading results into container
2022-11-18 14:26:52,995:INFO:Uploading model into container now
2022-11-18 14:26:52,996:INFO:create_model_container: 7
2022-11-18 14:26:52,996:INFO:master_model_container: 7
2022-11-18 14:26:52,996:INFO:display_container: 2
2022-11-18 14:26:52,996:INFO:RandomForestClassifier(bootstrap=True, ccp_alpha=0.0, class_weight=None,
                       criterion='gini', max_depth=None, max_features='auto',
                       max_leaf_nodes=None, max_samples=None,
                       min_impurity_decrease=0.0, min_impurity_split=None,
                       min_samples_leaf=1, min_samples_split=2,
                       min_weight_fraction_leaf=0.0, n_estimators=100,
                       n_jobs=-1, oob_score=False, random_state=3353, verbose=0,
                       warm_start=False)
2022-11-18 14:26:52,996:INFO:create_model() succesfully completed......................................
2022-11-18 14:26:53,104:INFO:SubProcess create_model() end ==================================
2022-11-18 14:26:53,104:INFO:Creating metrics dataframe
2022-11-18 14:26:53,117:INFO:Initializing Quadratic Discriminant Analysis
2022-11-18 14:26:53,118:INFO:Total runtime is 0.14866309960683183 minutes
2022-11-18 14:26:53,129:INFO:SubProcess create_model() called ==================================
2022-11-18 14:26:53,130:INFO:Initializing create_model()
2022-11-18 14:26:53,130:INFO:create_model(estimator=qda, fold=StratifiedKFold(n_splits=10, random_state=None, shuffle=False), round=4, cross_validation=True, predict=True, fit_kwargs={}, groups=None, refit=False, verbose=False, system=False, metrics=None, experiment_custom_tags=None, add_to_model_list=True, probability_threshold=None, display=<pycaret.internal.Display.Display object at 0x7fb4b886fa90>, return_train_score=False, kwargs={})
2022-11-18 14:26:53,131:INFO:Checking exceptions
2022-11-18 14:26:53,131:INFO:Importing libraries
2022-11-18 14:26:53,132:INFO:Copying training dataset
2022-11-18 14:26:53,133:INFO:Defining folds
2022-11-18 14:26:53,133:INFO:Declaring metric variables
2022-11-18 14:26:53,143:INFO:Importing untrained model
2022-11-18 14:26:53,152:INFO:Quadratic Discriminant Analysis Imported succesfully
2022-11-18 14:26:53,173:INFO:Starting cross validation
2022-11-18 14:26:53,174:INFO:Cross validating with StratifiedKFold(n_splits=10, random_state=None, shuffle=False), n_jobs=-1
2022-11-18 14:26:53,230:INFO:Calculating mean and std
2022-11-18 14:26:53,231:INFO:Creating metrics dataframe
2022-11-18 14:26:53,236:INFO:Uploading results into container
2022-11-18 14:26:53,236:INFO:Uploading model into container now
2022-11-18 14:26:53,236:INFO:create_model_container: 8
2022-11-18 14:26:53,236:INFO:master_model_container: 8
2022-11-18 14:26:53,236:INFO:display_container: 2
2022-11-18 14:26:53,236:INFO:QuadraticDiscriminantAnalysis(priors=None, reg_param=0.0,
                              store_covariance=False, tol=0.0001)
2022-11-18 14:26:53,236:INFO:create_model() succesfully completed......................................
2022-11-18 14:26:53,327:INFO:SubProcess create_model() end ==================================
2022-11-18 14:26:53,327:INFO:Creating metrics dataframe
2022-11-18 14:26:53,341:INFO:Initializing Ada Boost Classifier
2022-11-18 14:26:53,341:INFO:Total runtime is 0.15239286820093786 minutes
2022-11-18 14:26:53,350:INFO:SubProcess create_model() called ==================================
2022-11-18 14:26:53,350:INFO:Initializing create_model()
2022-11-18 14:26:53,350:INFO:create_model(estimator=ada, fold=StratifiedKFold(n_splits=10, random_state=None, shuffle=False), round=4, cross_validation=True, predict=True, fit_kwargs={}, groups=None, refit=False, verbose=False, system=False, metrics=None, experiment_custom_tags=None, add_to_model_list=True, probability_threshold=None, display=<pycaret.internal.Display.Display object at 0x7fb4b886fa90>, return_train_score=False, kwargs={})
2022-11-18 14:26:53,351:INFO:Checking exceptions
2022-11-18 14:26:53,351:INFO:Importing libraries
2022-11-18 14:26:53,351:INFO:Copying training dataset
2022-11-18 14:26:53,351:INFO:Defining folds
2022-11-18 14:26:53,352:INFO:Declaring metric variables
2022-11-18 14:26:53,361:INFO:Importing untrained model
2022-11-18 14:26:53,370:INFO:Ada Boost Classifier Imported succesfully
2022-11-18 14:26:53,390:INFO:Starting cross validation
2022-11-18 14:26:53,390:INFO:Cross validating with StratifiedKFold(n_splits=10, random_state=None, shuffle=False), n_jobs=-1
2022-11-18 14:26:53,659:INFO:Calculating mean and std
2022-11-18 14:26:53,660:INFO:Creating metrics dataframe
2022-11-18 14:26:53,664:INFO:Uploading results into container
2022-11-18 14:26:53,664:INFO:Uploading model into container now
2022-11-18 14:26:53,665:INFO:create_model_container: 9
2022-11-18 14:26:53,665:INFO:master_model_container: 9
2022-11-18 14:26:53,665:INFO:display_container: 2
2022-11-18 14:26:53,665:INFO:AdaBoostClassifier(algorithm='SAMME.R', base_estimator=None, learning_rate=1.0,
                   n_estimators=50, random_state=3353)
2022-11-18 14:26:53,665:INFO:create_model() succesfully completed......................................
2022-11-18 14:26:53,755:INFO:SubProcess create_model() end ==================================
2022-11-18 14:26:53,755:INFO:Creating metrics dataframe
2022-11-18 14:26:53,770:INFO:Initializing Gradient Boosting Classifier
2022-11-18 14:26:53,770:INFO:Total runtime is 0.15954111814498897 minutes
2022-11-18 14:26:53,779:INFO:SubProcess create_model() called ==================================
2022-11-18 14:26:53,780:INFO:Initializing create_model()
2022-11-18 14:26:53,780:INFO:create_model(estimator=gbc, fold=StratifiedKFold(n_splits=10, random_state=None, shuffle=False), round=4, cross_validation=True, predict=True, fit_kwargs={}, groups=None, refit=False, verbose=False, system=False, metrics=None, experiment_custom_tags=None, add_to_model_list=True, probability_threshold=None, display=<pycaret.internal.Display.Display object at 0x7fb4b886fa90>, return_train_score=False, kwargs={})
2022-11-18 14:26:53,780:INFO:Checking exceptions
2022-11-18 14:26:53,780:INFO:Importing libraries
2022-11-18 14:26:53,780:INFO:Copying training dataset
2022-11-18 14:26:53,782:INFO:Defining folds
2022-11-18 14:26:53,782:INFO:Declaring metric variables
2022-11-18 14:26:53,800:INFO:Importing untrained model
2022-11-18 14:26:53,812:INFO:Gradient Boosting Classifier Imported succesfully
2022-11-18 14:26:53,829:INFO:Starting cross validation
2022-11-18 14:26:53,830:INFO:Cross validating with StratifiedKFold(n_splits=10, random_state=None, shuffle=False), n_jobs=-1
2022-11-18 14:26:54,056:INFO:Calculating mean and std
2022-11-18 14:26:54,057:INFO:Creating metrics dataframe
2022-11-18 14:26:54,062:INFO:Uploading results into container
2022-11-18 14:26:54,062:INFO:Uploading model into container now
2022-11-18 14:26:54,062:INFO:create_model_container: 10
2022-11-18 14:26:54,062:INFO:master_model_container: 10
2022-11-18 14:26:54,063:INFO:display_container: 2
2022-11-18 14:26:54,063:INFO:GradientBoostingClassifier(ccp_alpha=0.0, criterion='friedman_mse', init=None,
                           learning_rate=0.1, loss='deviance', max_depth=3,
                           max_features=None, max_leaf_nodes=None,
                           min_impurity_decrease=0.0, min_impurity_split=None,
                           min_samples_leaf=1, min_samples_split=2,
                           min_weight_fraction_leaf=0.0, n_estimators=100,
                           n_iter_no_change=None, presort='deprecated',
                           random_state=3353, subsample=1.0, tol=0.0001,
                           validation_fraction=0.1, verbose=0,
                           warm_start=False)
2022-11-18 14:26:54,063:INFO:create_model() succesfully completed......................................
2022-11-18 14:26:54,156:INFO:SubProcess create_model() end ==================================
2022-11-18 14:26:54,156:INFO:Creating metrics dataframe
2022-11-18 14:26:54,171:INFO:Initializing Linear Discriminant Analysis
2022-11-18 14:26:54,171:INFO:Total runtime is 0.1662192344665527 minutes
2022-11-18 14:26:54,181:INFO:SubProcess create_model() called ==================================
2022-11-18 14:26:54,181:INFO:Initializing create_model()
2022-11-18 14:26:54,182:INFO:create_model(estimator=lda, fold=StratifiedKFold(n_splits=10, random_state=None, shuffle=False), round=4, cross_validation=True, predict=True, fit_kwargs={}, groups=None, refit=False, verbose=False, system=False, metrics=None, experiment_custom_tags=None, add_to_model_list=True, probability_threshold=None, display=<pycaret.internal.Display.Display object at 0x7fb4b886fa90>, return_train_score=False, kwargs={})
2022-11-18 14:26:54,182:INFO:Checking exceptions
2022-11-18 14:26:54,182:INFO:Importing libraries
2022-11-18 14:26:54,183:INFO:Copying training dataset
2022-11-18 14:26:54,184:INFO:Defining folds
2022-11-18 14:26:54,184:INFO:Declaring metric variables
2022-11-18 14:26:54,193:INFO:Importing untrained model
2022-11-18 14:26:54,201:INFO:Linear Discriminant Analysis Imported succesfully
2022-11-18 14:26:54,218:INFO:Starting cross validation
2022-11-18 14:26:54,219:INFO:Cross validating with StratifiedKFold(n_splits=10, random_state=None, shuffle=False), n_jobs=-1
2022-11-18 14:26:54,276:INFO:Calculating mean and std
2022-11-18 14:26:54,277:INFO:Creating metrics dataframe
2022-11-18 14:26:54,282:INFO:Uploading results into container
2022-11-18 14:26:54,282:INFO:Uploading model into container now
2022-11-18 14:26:54,282:INFO:create_model_container: 11
2022-11-18 14:26:54,282:INFO:master_model_container: 11
2022-11-18 14:26:54,282:INFO:display_container: 2
2022-11-18 14:26:54,282:INFO:LinearDiscriminantAnalysis(n_components=None, priors=None, shrinkage=None,
                           solver='svd', store_covariance=False, tol=0.0001)
2022-11-18 14:26:54,282:INFO:create_model() succesfully completed......................................
2022-11-18 14:26:54,372:INFO:SubProcess create_model() end ==================================
2022-11-18 14:26:54,372:INFO:Creating metrics dataframe
2022-11-18 14:26:54,389:INFO:Initializing Extra Trees Classifier
2022-11-18 14:26:54,389:INFO:Total runtime is 0.16984805266062417 minutes
2022-11-18 14:26:54,397:INFO:SubProcess create_model() called ==================================
2022-11-18 14:26:54,398:INFO:Initializing create_model()
2022-11-18 14:26:54,398:INFO:create_model(estimator=et, fold=StratifiedKFold(n_splits=10, random_state=None, shuffle=False), round=4, cross_validation=True, predict=True, fit_kwargs={}, groups=None, refit=False, verbose=False, system=False, metrics=None, experiment_custom_tags=None, add_to_model_list=True, probability_threshold=None, display=<pycaret.internal.Display.Display object at 0x7fb4b886fa90>, return_train_score=False, kwargs={})
2022-11-18 14:26:54,398:INFO:Checking exceptions
2022-11-18 14:26:54,398:INFO:Importing libraries
2022-11-18 14:26:54,398:INFO:Copying training dataset
2022-11-18 14:26:54,400:INFO:Defining folds
2022-11-18 14:26:54,400:INFO:Declaring metric variables
2022-11-18 14:26:54,410:INFO:Importing untrained model
2022-11-18 14:26:54,419:INFO:Extra Trees Classifier Imported succesfully
2022-11-18 14:26:54,439:INFO:Starting cross validation
2022-11-18 14:26:54,440:INFO:Cross validating with StratifiedKFold(n_splits=10, random_state=None, shuffle=False), n_jobs=-1
2022-11-18 14:26:55,160:INFO:Calculating mean and std
2022-11-18 14:26:55,161:INFO:Creating metrics dataframe
2022-11-18 14:26:55,166:INFO:Uploading results into container
2022-11-18 14:26:55,166:INFO:Uploading model into container now
2022-11-18 14:26:55,166:INFO:create_model_container: 12
2022-11-18 14:26:55,166:INFO:master_model_container: 12
2022-11-18 14:26:55,166:INFO:display_container: 2
2022-11-18 14:26:55,167:INFO:ExtraTreesClassifier(bootstrap=False, ccp_alpha=0.0, class_weight=None,
                     criterion='gini', max_depth=None, max_features='auto',
                     max_leaf_nodes=None, max_samples=None,
                     min_impurity_decrease=0.0, min_impurity_split=None,
                     min_samples_leaf=1, min_samples_split=2,
                     min_weight_fraction_leaf=0.0, n_estimators=100, n_jobs=-1,
                     oob_score=False, random_state=3353, verbose=0,
                     warm_start=False)
2022-11-18 14:26:55,167:INFO:create_model() succesfully completed......................................
2022-11-18 14:26:55,260:INFO:SubProcess create_model() end ==================================
2022-11-18 14:26:55,260:INFO:Creating metrics dataframe
2022-11-18 14:26:55,276:INFO:Initializing Light Gradient Boosting Machine
2022-11-18 14:26:55,277:INFO:Total runtime is 0.18464375336964922 minutes
2022-11-18 14:26:55,286:INFO:SubProcess create_model() called ==================================
2022-11-18 14:26:55,286:INFO:Initializing create_model()
2022-11-18 14:26:55,286:INFO:create_model(estimator=lightgbm, fold=StratifiedKFold(n_splits=10, random_state=None, shuffle=False), round=4, cross_validation=True, predict=True, fit_kwargs={}, groups=None, refit=False, verbose=False, system=False, metrics=None, experiment_custom_tags=None, add_to_model_list=True, probability_threshold=None, display=<pycaret.internal.Display.Display object at 0x7fb4b886fa90>, return_train_score=False, kwargs={})
2022-11-18 14:26:55,287:INFO:Checking exceptions
2022-11-18 14:26:55,287:INFO:Importing libraries
2022-11-18 14:26:55,287:INFO:Copying training dataset
2022-11-18 14:26:55,288:INFO:Defining folds
2022-11-18 14:26:55,288:INFO:Declaring metric variables
2022-11-18 14:26:55,297:INFO:Importing untrained model
2022-11-18 14:26:55,306:INFO:Light Gradient Boosting Machine Imported succesfully
2022-11-18 14:26:55,326:INFO:Starting cross validation
2022-11-18 14:26:55,327:INFO:Cross validating with StratifiedKFold(n_splits=10, random_state=None, shuffle=False), n_jobs=-1
2022-11-18 14:26:56,597:INFO:Calculating mean and std
2022-11-18 14:26:56,599:INFO:Creating metrics dataframe
2022-11-18 14:26:56,605:INFO:Uploading results into container
2022-11-18 14:26:56,605:INFO:Uploading model into container now
2022-11-18 14:26:56,605:INFO:create_model_container: 13
2022-11-18 14:26:56,605:INFO:master_model_container: 13
2022-11-18 14:26:56,605:INFO:display_container: 2
2022-11-18 14:26:56,606:INFO:LGBMClassifier(boosting_type='gbdt', class_weight=None, colsample_bytree=1.0,
               importance_type='split', learning_rate=0.1, max_depth=-1,
               min_child_samples=20, min_child_weight=0.001, min_split_gain=0.0,
               n_estimators=100, n_jobs=-1, num_leaves=31, objective=None,
               random_state=3353, reg_alpha=0.0, reg_lambda=0.0, silent=True,
               subsample=1.0, subsample_for_bin=200000, subsample_freq=0)
2022-11-18 14:26:56,606:INFO:create_model() succesfully completed......................................
2022-11-18 14:26:56,706:INFO:SubProcess create_model() end ==================================
2022-11-18 14:26:56,706:INFO:Creating metrics dataframe
2022-11-18 14:26:56,724:INFO:Initializing Dummy Classifier
2022-11-18 14:26:56,724:INFO:Total runtime is 0.2087693651517232 minutes
2022-11-18 14:26:56,733:INFO:SubProcess create_model() called ==================================
2022-11-18 14:26:56,734:INFO:Initializing create_model()
2022-11-18 14:26:56,734:INFO:create_model(estimator=dummy, fold=StratifiedKFold(n_splits=10, random_state=None, shuffle=False), round=4, cross_validation=True, predict=True, fit_kwargs={}, groups=None, refit=False, verbose=False, system=False, metrics=None, experiment_custom_tags=None, add_to_model_list=True, probability_threshold=None, display=<pycaret.internal.Display.Display object at 0x7fb4b886fa90>, return_train_score=False, kwargs={})
2022-11-18 14:26:56,735:INFO:Checking exceptions
2022-11-18 14:26:56,735:INFO:Importing libraries
2022-11-18 14:26:56,735:INFO:Copying training dataset
2022-11-18 14:26:56,736:INFO:Defining folds
2022-11-18 14:26:56,736:INFO:Declaring metric variables
2022-11-18 14:26:56,745:INFO:Importing untrained model
2022-11-18 14:26:56,757:INFO:Dummy Classifier Imported succesfully
2022-11-18 14:26:56,780:INFO:Starting cross validation
2022-11-18 14:26:56,781:INFO:Cross validating with StratifiedKFold(n_splits=10, random_state=None, shuffle=False), n_jobs=-1
2022-11-18 14:26:56,829:INFO:Calculating mean and std
2022-11-18 14:26:56,831:INFO:Creating metrics dataframe
2022-11-18 14:26:56,836:INFO:Uploading results into container
2022-11-18 14:26:56,836:INFO:Uploading model into container now
2022-11-18 14:26:56,836:INFO:create_model_container: 14
2022-11-18 14:26:56,836:INFO:master_model_container: 14
2022-11-18 14:26:56,836:INFO:display_container: 2
2022-11-18 14:26:56,837:INFO:DummyClassifier(constant=None, random_state=3353, strategy='prior')
2022-11-18 14:26:56,837:INFO:create_model() succesfully completed......................................
2022-11-18 14:26:56,933:INFO:SubProcess create_model() end ==================================
2022-11-18 14:26:56,933:INFO:Creating metrics dataframe
2022-11-18 14:26:56,971:INFO:Initializing create_model()
2022-11-18 14:26:56,971:INFO:create_model(estimator=LGBMClassifier(boosting_type='gbdt', class_weight=None, colsample_bytree=1.0,
               importance_type='split', learning_rate=0.1, max_depth=-1,
               min_child_samples=20, min_child_weight=0.001, min_split_gain=0.0,
               n_estimators=100, n_jobs=-1, num_leaves=31, objective=None,
               random_state=3353, reg_alpha=0.0, reg_lambda=0.0, silent=True,
               subsample=1.0, subsample_for_bin=200000, subsample_freq=0), fold=StratifiedKFold(n_splits=10, random_state=None, shuffle=False), round=4, cross_validation=False, predict=False, fit_kwargs={}, groups=None, refit=True, verbose=False, system=False, metrics=None, experiment_custom_tags=None, add_to_model_list=True, probability_threshold=None, display=None, return_train_score=False, kwargs={})
2022-11-18 14:26:56,971:INFO:Checking exceptions
2022-11-18 14:26:56,972:INFO:Importing libraries
2022-11-18 14:26:56,972:INFO:Copying training dataset
2022-11-18 14:26:56,973:INFO:Defining folds
2022-11-18 14:26:56,973:INFO:Declaring metric variables
2022-11-18 14:26:56,973:INFO:Importing untrained model
2022-11-18 14:26:56,973:INFO:Declaring custom model
2022-11-18 14:26:56,974:INFO:Light Gradient Boosting Machine Imported succesfully
2022-11-18 14:26:56,975:INFO:Cross validation set to False
2022-11-18 14:26:56,975:INFO:Fitting Model
